\BOOKMARK [1][-]{section.1}{Introduction}{}% 1
\BOOKMARK [1][-]{section.2}{Dataset}{}% 2
\BOOKMARK [1][-]{section.3}{Method}{}% 3
\BOOKMARK [2][-]{subsection.3.1}{Segmentation}{section.3}% 4
\BOOKMARK [3][-]{subsubsection.3.1.1}{Rotation\040and\040binarization}{subsection.3.1}% 5
\BOOKMARK [3][-]{subsubsection.3.1.2}{Vertical\040location}{subsection.3.1}% 6
\BOOKMARK [3][-]{subsubsection.3.1.3}{Connected\040components}{subsection.3.1}% 7
\BOOKMARK [3][-]{subsubsection.3.1.4}{Finding\040the\040character\040box}{subsection.3.1}% 8
\BOOKMARK [2][-]{subsection.3.2}{Feature\040Extraction}{section.3}% 9
\BOOKMARK [2][-]{subsection.3.3}{Classification}{section.3}% 10
\BOOKMARK [3][-]{subsubsection.3.3.1}{K\040nearest\040neighbor}{subsection.3.3}% 11
\BOOKMARK [3][-]{subsubsection.3.3.2}{Learning\040Vector\040Quantization}{subsection.3.3}% 12
\BOOKMARK [1][-]{section.4}{Experiment}{}% 13
\BOOKMARK [2][-]{subsection.4.1}{Feature\040Extraction}{section.4}% 14
\BOOKMARK [2][-]{subsection.4.2}{Classification}{section.4}% 15
\BOOKMARK [1][-]{section.5}{Results}{}% 16
\BOOKMARK [2][-]{subsection.5.1}{Segmentation}{section.5}% 17
\BOOKMARK [2][-]{subsection.5.2}{Classification}{section.5}% 18
\BOOKMARK [2][-]{subsection.5.3}{LVQ}{section.5}% 19
\BOOKMARK [1][-]{section.6}{Discussion}{}% 20
\BOOKMARK [1][-]{section.7}{Conclusion}{}% 21
